Build started 13.5.2013 г. 00:16:25 ч..
     1>Project "C:\Users\Drago\Desktop\Projects\gameEngine_OOP_Cycle_3 - Copy\gameEngine_OOP_Cycle_3\gameEngine_OOP_Cycle_3.vcxproj" on node 2 (build target(s)).
     1>InitializeBuildStatus:
         Creating "Debug\gameEngine_OOP_Cycle_3.unsuccessfulbuild" because "AlwaysCreate" was specified.
       ClCompile:
         C:\Program Files (x86)\Microsoft Visual Studio 10.0\VC\bin\CL.exe /c /ZI /nologo /W3 /WX- /Od /Oy- /D WIN32 /D _DEBUG /D _CONSOLE /D _UNICODE /D UNICODE /Gm /EHsc /RTC1 /MDd /GS /fp:precise /Zc:wchar_t /Zc:forScope /Fo"Debug\\" /Fd"Debug\vc100.pdb" /Gd /TP /analyze- /errorReport:prompt main.cpp
         main.cpp
       Link:
         C:\Program Files (x86)\Microsoft Visual Studio 10.0\VC\bin\link.exe /ERRORREPORT:PROMPT /OUT:"C:\Users\Drago\Desktop\Projects\gameEngine_OOP_Cycle_3 - Copy\Debug\gameEngine_OOP_Cycle_3.exe" /INCREMENTAL:NO /NOLOGO kernel32.lib user32.lib gdi32.lib winspool.lib comdlg32.lib advapi32.lib shell32.lib ole32.lib oleaut32.lib uuid.lib odbc32.lib odbccp32.lib /MANIFEST /ManifestFile:"Debug\gameEngine_OOP_Cycle_3.exe.intermediate.manifest" /MANIFESTUAC:"level='asInvoker' uiAccess='false'" /DEBUG /PDB:"C:\Users\Drago\Desktop\Projects\gameEngine_OOP_Cycle_3 - Copy\Debug\gameEngine_OOP_Cycle_3.pdb" /SUBSYSTEM:CONSOLE /TLBID:1 /DYNAMICBASE /NXCOMPAT /IMPLIB:"C:\Users\Drago\Desktop\Projects\gameEngine_OOP_Cycle_3 - Copy\Debug\gameEngine_OOP_Cycle_3.lib" /MACHINE:X86 Debug\gameEngine.obj
         Debug\gameUnit.obj
         Debug\knight.obj
         Debug\main.obj
         Debug\monster.obj
     1>gameEngine.obj : warning LNK4075: ignoring '/EDITANDCONTINUE' due to '/INCREMENTAL:NO' specification
         gameEngine_OOP_Cycle_3.vcxproj -> C:\Users\Drago\Desktop\Projects\gameEngine_OOP_Cycle_3 - Copy\Debug\gameEngine_OOP_Cycle_3.exe
       Manifest:
         C:\Program Files (x86)\Microsoft SDKs\Windows\v7.0A\bin\mt.exe /nologo /verbose /outputresource:"C:\Users\Drago\Desktop\Projects\gameEngine_OOP_Cycle_3 - Copy\Debug\gameEngine_OOP_Cycle_3.exe;#1" /manifest Debug\gameEngine_OOP_Cycle_3.exe.intermediate.manifest
       FinalizeBuildStatus:
         Deleting file "Debug\gameEngine_OOP_Cycle_3.unsuccessfulbuild".
         Touching "Debug\gameEngine_OOP_Cycle_3.lastbuildstate".
     1>Done Building Project "C:\Users\Drago\Desktop\Projects\gameEngine_OOP_Cycle_3 - Copy\gameEngine_OOP_Cycle_3\gameEngine_OOP_Cycle_3.vcxproj" (build target(s)).

Build succeeded.

Time Elapsed 00:00:00.41
